  Activating project at `~/fiber-raman-suppression`
┌ Warning: No working GUI backend found for matplotlib
└ @ PyPlot ~/.julia/packages/PyPlot/G422O/src/init.jl:153
┌ Info: warm_jld2 pre-flight passed
└   n_configs = 3
┌ Info: phase33 benchmark starting
│   threads = 22
└   julia_version = v"1.12.6"
┌ Info: sweep plan
│   configs = 3
│   starts = 3
│   total = 9
└   out_root = "results/raman/phase33"
[ Info: ─── bench-01-smf28-canonical / cold ───────────────────────────────────
┌ Info: pre-flight edge_frac PASS
└   edge_frac = 9.088096810627956e-33
WARNING: Detected access to binding `Main.cost_and_gradient` in a world prior to its definition world.
  Julia 1.12 has introduced more strict world age semantics for global bindings.
  !!! This code may malfunction under Revise.
  !!! This code will error in future versions of Julia.
Hint: Add an appropriate `invokelatest` around the access to this binding.
To make this warning an error, and hence obtain a stack trace, use `julia --depwarn=error`.
[ Info: Saved optimization result to results/raman/phase33/bench-01-smf28-canonical/cold/bench-01-smf28-canonical_cold_phase_profile.png
┌ Info: standard image wrote
│   kind = "phase_profile (6-panel)"
└   path = "results/raman/phase33/bench-01-smf28-canonical/cold/bench-01-smf28-canonical_cold_phase_profile.png"
┌ Info: standard image wrote
│   kind = "evolution (optimized)"
└   path = "results/raman/phase33/bench-01-smf28-canonical/cold/bench-01-smf28-canonical_cold_evolution.png"
[ Info: Saved phase diagnostic to results/raman/phase33/bench-01-smf28-canonical/cold/bench-01-smf28-canonical_cold_phase_diagnostic.png
┌ Info: standard image wrote
│   kind = "phase diagnostic"
└   path = "results/raman/phase33/bench-01-smf28-canonical/cold/bench-01-smf28-canonical_cold_phase_diagnostic.png"
┌ Info: standard image wrote
│   kind = "evolution (unshaped)"
└   path = "results/raman/phase33/bench-01-smf28-canonical/cold/bench-01-smf28-canonical_cold_evolution_unshaped.png"
[ Info: bench-01-smf28-canonical/cold: exit=RADIUS_COLLAPSE J=7.746e-01 iter=10 hvps=50 wall=528.6s
[ Info: ─── bench-01-smf28-canonical / warm ───────────────────────────────────
┌ Warning: pre-flight EDGE_FRAC_SUSPECT — skipping config
│   tag = "bench-01-smf28-canonical"
│   start_type = :warm
│   edge_frac = 0.007875900875969248
│   threshold = 0.001
└ @ Main ~/fiber-raman-suppression/scripts/phase33_benchmark_run.jl:151
[ Info: ─── bench-01-smf28-canonical / perturbed ───────────────────────────────────
┌ Warning: pre-flight EDGE_FRAC_SUSPECT — skipping config
│   tag = "bench-01-smf28-canonical"
│   start_type = :perturbed
│   edge_frac = 0.0076777733875336525
│   threshold = 0.001
└ @ Main ~/fiber-raman-suppression/scripts/phase33_benchmark_run.jl:151
[ Info: ─── bench-02-hnlf-phase21 / cold ───────────────────────────────────
┌ Info: pre-flight edge_frac PASS
└   edge_frac = 1.153947575644202e-32
[ Info: Saved optimization result to results/raman/phase33/bench-02-hnlf-phase21/cold/bench-02-hnlf-phase21_cold_phase_profile.png
┌ Info: standard image wrote
│   kind = "phase_profile (6-panel)"
└   path = "results/raman/phase33/bench-02-hnlf-phase21/cold/bench-02-hnlf-phase21_cold_phase_profile.png"
┌ Info: standard image wrote
│   kind = "evolution (optimized)"
└   path = "results/raman/phase33/bench-02-hnlf-phase21/cold/bench-02-hnlf-phase21_cold_evolution.png"
[ Info: Saved phase diagnostic to results/raman/phase33/bench-02-hnlf-phase21/cold/bench-02-hnlf-phase21_cold_phase_diagnostic.png
┌ Info: standard image wrote
│   kind = "phase diagnostic"
└   path = "results/raman/phase33/bench-02-hnlf-phase21/cold/bench-02-hnlf-phase21_cold_phase_diagnostic.png"
┌ Info: standard image wrote
│   kind = "evolution (unshaped)"
└   path = "results/raman/phase33/bench-02-hnlf-phase21/cold/bench-02-hnlf-phase21_cold_evolution_unshaped.png"
[ Info: bench-02-hnlf-phase21/cold: exit=RADIUS_COLLAPSE J=1.011e-01 iter=10 hvps=178 wall=1064.2s
[ Info: ─── bench-02-hnlf-phase21 / warm ───────────────────────────────────
┌ Info: pre-flight edge_frac PASS
└   edge_frac = 0.0002236819959201377
[ Info: Saved optimization result to results/raman/phase33/bench-02-hnlf-phase21/warm/bench-02-hnlf-phase21_warm_phase_profile.png
┌ Info: standard image wrote
│   kind = "phase_profile (6-panel)"
└   path = "results/raman/phase33/bench-02-hnlf-phase21/warm/bench-02-hnlf-phase21_warm_phase_profile.png"
┌ Info: standard image wrote
│   kind = "evolution (optimized)"
└   path = "results/raman/phase33/bench-02-hnlf-phase21/warm/bench-02-hnlf-phase21_warm_evolution.png"
[ Info: Saved phase diagnostic to results/raman/phase33/bench-02-hnlf-phase21/warm/bench-02-hnlf-phase21_warm_phase_diagnostic.png
┌ Info: standard image wrote
│   kind = "phase diagnostic"
└   path = "results/raman/phase33/bench-02-hnlf-phase21/warm/bench-02-hnlf-phase21_warm_phase_diagnostic.png"
┌ Info: standard image wrote
│   kind = "evolution (unshaped)"
└   path = "results/raman/phase33/bench-02-hnlf-phase21/warm/bench-02-hnlf-phase21_warm_evolution_unshaped.png"
[ Info: bench-02-hnlf-phase21/warm: exit=CONVERGED_1ST_ORDER_SADDLE J=2.148e-09 iter=0 hvps=240 wall=232.7s
[ Info: ─── bench-02-hnlf-phase21 / perturbed ───────────────────────────────────
┌ Info: pre-flight edge_frac PASS
└   edge_frac = 0.00048393267498429905
[ Info: Saved optimization result to results/raman/phase33/bench-02-hnlf-phase21/perturbed/bench-02-hnlf-phase21_perturbed_phase_profile.png
┌ Info: standard image wrote
│   kind = "phase_profile (6-panel)"
└   path = "results/raman/phase33/bench-02-hnlf-phase21/perturbed/bench-02-hnlf-phase21_perturbed_phase_profile.png"
┌ Info: standard image wrote
│   kind = "evolution (optimized)"
└   path = "results/raman/phase33/bench-02-hnlf-phase21/perturbed/bench-02-hnlf-phase21_perturbed_evolution.png"
[ Info: Saved phase diagnostic to results/raman/phase33/bench-02-hnlf-phase21/perturbed/bench-02-hnlf-phase21_perturbed_phase_diagnostic.png
┌ Info: standard image wrote
│   kind = "phase diagnostic"
└   path = "results/raman/phase33/bench-02-hnlf-phase21/perturbed/bench-02-hnlf-phase21_perturbed_phase_diagnostic.png"
┌ Info: standard image wrote
│   kind = "evolution (unshaped)"
└   path = "results/raman/phase33/bench-02-hnlf-phase21/perturbed/bench-02-hnlf-phase21_perturbed_evolution_unshaped.png"
[ Info: bench-02-hnlf-phase21/perturbed: exit=CONVERGED_1ST_ORDER_SADDLE J=9.197e-08 iter=0 hvps=139 wall=135.0s
[ Info: ─── bench-03-smf28-phase21 / cold ───────────────────────────────────
┌ Info: pre-flight edge_frac PASS
└   edge_frac = 9.957182923449386e-33
[ Info: Saved optimization result to results/raman/phase33/bench-03-smf28-phase21/cold/bench-03-smf28-phase21_cold_phase_profile.png
┌ Info: standard image wrote
│   kind = "phase_profile (6-panel)"
└   path = "results/raman/phase33/bench-03-smf28-phase21/cold/bench-03-smf28-phase21_cold_phase_profile.png"
┌ Info: standard image wrote
│   kind = "evolution (optimized)"
└   path = "results/raman/phase33/bench-03-smf28-phase21/cold/bench-03-smf28-phase21_cold_evolution.png"
[ Info: Saved phase diagnostic to results/raman/phase33/bench-03-smf28-phase21/cold/bench-03-smf28-phase21_cold_phase_diagnostic.png
┌ Info: standard image wrote
│   kind = "phase diagnostic"
└   path = "results/raman/phase33/bench-03-smf28-phase21/cold/bench-03-smf28-phase21_cold_phase_diagnostic.png"
┌ Info: standard image wrote
│   kind = "evolution (unshaped)"
└   path = "results/raman/phase33/bench-03-smf28-phase21/cold/bench-03-smf28-phase21_cold_evolution_unshaped.png"
[ Info: bench-03-smf28-phase21/cold: exit=RADIUS_COLLAPSE J=7.743e-01 iter=10 hvps=95 wall=1645.8s
[ Info: ─── bench-03-smf28-phase21 / warm ───────────────────────────────────
┌ Info: pre-flight edge_frac PASS
└   edge_frac = 0.0007941686172044363
[ Info: Saved optimization result to results/raman/phase33/bench-03-smf28-phase21/warm/bench-03-smf28-phase21_warm_phase_profile.png
┌ Info: standard image wrote
│   kind = "phase_profile (6-panel)"
└   path = "results/raman/phase33/bench-03-smf28-phase21/warm/bench-03-smf28-phase21_warm_phase_profile.png"
┌ Info: standard image wrote
│   kind = "evolution (optimized)"
└   path = "results/raman/phase33/bench-03-smf28-phase21/warm/bench-03-smf28-phase21_warm_evolution.png"
[ Info: Saved phase diagnostic to results/raman/phase33/bench-03-smf28-phase21/warm/bench-03-smf28-phase21_warm_phase_diagnostic.png
┌ Info: standard image wrote
│   kind = "phase diagnostic"
└   path = "results/raman/phase33/bench-03-smf28-phase21/warm/bench-03-smf28-phase21_warm_phase_diagnostic.png"
┌ Info: standard image wrote
│   kind = "evolution (unshaped)"
└   path = "results/raman/phase33/bench-03-smf28-phase21/warm/bench-03-smf28-phase21_warm_evolution_unshaped.png"
[ Info: bench-03-smf28-phase21/warm: exit=RADIUS_COLLAPSE J=2.185e-07 iter=10 hvps=50 wall=49.6s
[ Info: ─── bench-03-smf28-phase21 / perturbed ───────────────────────────────────
┌ Warning: pre-flight EDGE_FRAC_SUSPECT — skipping config
│   tag = "bench-03-smf28-phase21"
│   start_type = :perturbed
│   edge_frac = 0.0012153696199155085
│   threshold = 0.001
└ @ Main ~/fiber-raman-suppression/scripts/phase33_benchmark_run.jl:151
[ Info: phase33 benchmark done
--- JULIA DONE 0 ---
