[ Info: ═══════════════════════════════════════════
[ Info:   Raman Phase Optimization — Heavy-Duty Runs
[ Info: ═══════════════════════════════════════════
┌ Info: 
└ ▶ Run 1: SMF-28 baseline (L=1m, P=0.05W) → results/raman/smf28/L1m_P005W
User defined fiber params
[0.0; 0.0; -2.17e-26; 1.2e-40;;]
[ Info: Gradient Validation
[ Info: Gradient validation (ε = 1.0e-5)
[ Info: Optimization
[ Info: Plotting
[ Info: Saved optimization result to results/raman/smf28/L1m_P005W/opt.png
[ Info: Evolution Plot
<sys>:0: UserWarning: The input coordinates to pcolormesh are interpreted as cell centers, but are not monotonically increasing or decreasing. This may lead to incorrectly calculated cell edges, in which case, please supply explicit cell edges to pcolormesh.
[ Info: Saved evolution plot to results/raman/smf28/L1m_P005W/opt_evolution.png
[ Info: Saved boundary diagnostic to results/raman/smf28/L1m_P005W/opt_boundary.png
┌ Info: 
└ ▶ Run 2: SMF-28 high power (L=2m, P=0.30W) → results/raman/smf28/L2m_P030W
User defined fiber params
[0.0; 0.0; -2.17e-26; 1.2e-40;;]
[ Info: Optimization
[ Info: Plotting
[ Info: Saved optimization result to results/raman/smf28/L2m_P030W/opt.png
[ Info: Evolution Plot
[ Info: Saved evolution plot to results/raman/smf28/L2m_P030W/opt_evolution.png
[ Info: Saved boundary diagnostic to results/raman/smf28/L2m_P030W/opt_boundary.png
┌ Info: 
└ ▶ Run 3: HNLF (L=1m, P=0.05W) — strong Raman from high γ → results/raman/hnlf/L1m_P005W
User defined fiber params
[0.0; 0.0; -5.0e-27; 1.0e-40;;]
[ Info: Optimization
[ Info: Plotting
[ Info: Saved optimization result to results/raman/hnlf/L1m_P005W/opt.png
[ Info: Evolution Plot
[ Info: Saved evolution plot to results/raman/hnlf/L1m_P005W/opt_evolution.png
[ Info: Saved boundary diagnostic to results/raman/hnlf/L1m_P005W/opt_boundary.png
┌ Info: 
└ ▶ Run 4: HNLF (L=2m, P=0.05W) — heavy Raman → results/raman/hnlf/L2m_P005W
User defined fiber params
[0.0; 0.0; -5.0e-27; 1.0e-40;;]
[ Info: Optimization
