[ Info: ═══════════════════════════════════════════
[ Info:   Raman Phase Optimization — Heavy-Duty Runs
[ Info: ═══════════════════════════════════════════
┌ Info: 
└ ▶ Run 1: SMF-28 baseline (L=1m, P=0.05W) → results/raman/smf28/L1m_P005W
User defined fiber params
[0.0; 0.0; -2.17e-26; 1.2e-40;;]
[ Info: Gradient Validation
[ Info: Gradient validation (ε = 1.0e-5)
┌ Info: Optimization
│   λ_gdd = 0.0001
└   λ_boundary = 10.0
┌ Info: ┌─────────────────────────────────────────────────┐
│ │  RUN SUMMARY: results/raman/smf28/L1m_P005W/opt
│ ├─────────────────────────────────────────────────┤
│ │  Fiber        L = 1.0 m, γ = 1.10e-03 W⁻¹m⁻¹
│ │  Grid         Nt = 8192, time_window = 10.0 ps
│ │  Regulariz.   λ_gdd = 1.00e-04, λ_boundary = 10.0
│ │  Iterations   50 (117.7 s)
│ ├─────────────────────────────────────────────────┤
│ │  J (before)   3.2035e-03  (-24.9 dB)
│ │  J (after)    6.6059e-07  (-61.8 dB)
│ │  ΔJ           -36.9 dB
│ │  ‖∇J‖         2.20e-06
│ ├─────────────────────────────────────────────────┤
│ │  Peak power   in: 0 W → out: 1730 W
│ │  Energy cons. 7.90e-05 (0.0%)
│ ├─────────────────────────────────────────────────┤
│ │  Boundary (input)   1.00e-08  OK
│ │  Boundary (output)  1.24e-08  OK
└ └─────────────────────────────────────────────────┘
[ Info: Plotting
[ Info: Saved optimization result to results/raman/smf28/L1m_P005W/opt.png
[ Info: Evolution Plots
<sys>:0: UserWarning: The input coordinates to pcolormesh are interpreted as cell centers, but are not monotonically increasing or decreasing. This may lead to incorrectly calculated cell edges, in which case, please supply explicit cell edges to pcolormesh.
[ Info: Saved evolution plot to results/raman/smf28/L1m_P005W/opt_evolution_unshaped.png
[ Info: Saved evolution plot to results/raman/smf28/L1m_P005W/opt_evolution_optimized.png
[ Info: Phase Diagnostic
[ Info: Saved phase diagnostic to results/raman/smf28/L1m_P005W/opt_phase.png
┌ Info: 
└ ▶ Run 2: SMF-28 high power (L=2m, P=0.30W) → results/raman/smf28/L2m_P030W
User defined fiber params
[0.0; 0.0; -2.17e-26; 1.2e-40;;]
┌ Info: Optimization
│   λ_gdd = 0.0001
└   λ_boundary = 10.0
┌ Info: ┌─────────────────────────────────────────────────┐
│ │  RUN SUMMARY: results/raman/smf28/L2m_P030W/opt
│ ├─────────────────────────────────────────────────┤
│ │  Fiber        L = 2.0 m, γ = 1.10e-03 W⁻¹m⁻¹
│ │  Grid         Nt = 8192, time_window = 20.0 ps
│ │  Regulariz.   λ_gdd = 1.00e-04, λ_boundary = 10.0
│ │  Iterations   50 (77.5 s)
│ ├─────────────────────────────────────────────────┤
│ │  J (before)   7.0842e-01  (-1.5 dB)
│ │  J (after)    6.0310e-05  (-42.2 dB)
│ │  ΔJ           -40.7 dB
│ │  ‖∇J‖         1.21e-04
│ ├─────────────────────────────────────────────────┤
│ │  Peak power   in: 0 W → out: 2369 W
│ │  Energy cons. 1.24e-04 (0.0%)
│ ├─────────────────────────────────────────────────┤
│ │  Boundary (input)   2.31e-07  OK
│ │  Boundary (output)  2.74e-07  OK
└ └─────────────────────────────────────────────────┘
[ Info: Plotting
[ Info: Saved optimization result to results/raman/smf28/L2m_P030W/opt.png
[ Info: Evolution Plots
<sys>:0: UserWarning: The input coordinates to pcolormesh are interpreted as cell centers, but are not monotonically increasing or decreasing. This may lead to incorrectly calculated cell edges, in which case, please supply explicit cell edges to pcolormesh.
[ Info: Saved evolution plot to results/raman/smf28/L2m_P030W/opt_evolution_unshaped.png
[ Info: Saved evolution plot to results/raman/smf28/L2m_P030W/opt_evolution_optimized.png
[ Info: Phase Diagnostic
[ Info: Saved phase diagnostic to results/raman/smf28/L2m_P030W/opt_phase.png
┌ Info: 
└ ▶ Run 3: HNLF (L=1m, P=0.05W) — strong Raman from high γ → results/raman/hnlf/L1m_P005W
User defined fiber params
[0.0; 0.0; -5.0e-27; 1.0e-40;;]
┌ Info: Optimization
│   λ_gdd = 0.0001
└   λ_boundary = 10.0
┌ Info: ┌─────────────────────────────────────────────────┐
│ │  RUN SUMMARY: results/raman/hnlf/L1m_P005W/opt
│ ├─────────────────────────────────────────────────┤
│ │  Fiber        L = 1.0 m, γ = 1.00e-02 W⁻¹m⁻¹
│ │  Grid         Nt = 16384, time_window = 15.0 ps
│ │  Regulariz.   λ_gdd = 1.00e-04, λ_boundary = 10.0
│ │  Iterations   80 (224.1 s)
│ ├─────────────────────────────────────────────────┤
│ │  J (before)   6.8324e-01  (-1.7 dB)
│ │  J (after)    1.3697e-04  (-38.6 dB)
│ │  ΔJ           -37.0 dB
│ │  ‖∇J‖         4.76e-04
│ ├─────────────────────────────────────────────────┤
│ │  Peak power   in: 0 W → out: 422 W
│ │  Energy cons. 5.11e-05 (0.0%)
│ ├─────────────────────────────────────────────────┤
│ │  Boundary (input)   3.86e-07  OK
│ │  Boundary (output)  3.94e-07  OK
└ └─────────────────────────────────────────────────┘
[ Info: Plotting
[ Info: Saved optimization result to results/raman/hnlf/L1m_P005W/opt.png
[ Info: Evolution Plots
<sys>:0: UserWarning: The input coordinates to pcolormesh are interpreted as cell centers, but are not monotonically increasing or decreasing. This may lead to incorrectly calculated cell edges, in which case, please supply explicit cell edges to pcolormesh.
[ Info: Saved evolution plot to results/raman/hnlf/L1m_P005W/opt_evolution_unshaped.png
[ Info: Saved evolution plot to results/raman/hnlf/L1m_P005W/opt_evolution_optimized.png
[ Info: Phase Diagnostic
[ Info: Saved phase diagnostic to results/raman/hnlf/L1m_P005W/opt_phase.png
┌ Info: 
└ ▶ Run 4: HNLF (L=2m, P=0.05W) — heavy Raman → results/raman/hnlf/L2m_P005W
User defined fiber params
[0.0; 0.0; -5.0e-27; 1.0e-40;;]
┌ Info: Optimization
│   λ_gdd = 0.0001
└   λ_boundary = 10.0
┌ Info: ┌─────────────────────────────────────────────────┐
│ │  RUN SUMMARY: results/raman/hnlf/L2m_P005W/opt
│ ├─────────────────────────────────────────────────┤
│ │  Fiber        L = 2.0 m, γ = 1.00e-02 W⁻¹m⁻¹
│ │  Grid         Nt = 16384, time_window = 30.0 ps
│ │  Regulariz.   λ_gdd = 1.00e-04, λ_boundary = 10.0
│ │  Iterations   100 (555.4 s)
│ ├─────────────────────────────────────────────────┤
│ │  J (before)   7.4496e-01  (-1.3 dB)
│ │  J (after)    3.9443e-04  (-34.0 dB)
│ │  ΔJ           -32.8 dB
│ │  ‖∇J‖         6.14e-04
│ ├─────────────────────────────────────────────────┤
│ │  Peak power   in: 0 W → out: 464 W
│ │  Energy cons. 2.01e-04 (0.0%)
│ ├─────────────────────────────────────────────────┤
│ │  Boundary (input)   1.87e-06  ⚠ DANGER
│ │  Boundary (output)  1.86e-06  ⚠ DANGER
└ └─────────────────────────────────────────────────┘
┌ Warning: Boundary energy is too high — increase time_window or Nt
└ @ Main ~/RiveraLab/smf-gain-noise/scripts/raman_optimization.jl:461
[ Info: Plotting
[ Info: Saved optimization result to results/raman/hnlf/L2m_P005W/opt.png
[ Info: Evolution Plots
<sys>:0: UserWarning: The input coordinates to pcolormesh are interpreted as cell centers, but are not monotonically increasing or decreasing. This may lead to incorrectly calculated cell edges, in which case, please supply explicit cell edges to pcolormesh.
[ Info: Saved evolution plot to results/raman/hnlf/L2m_P005W/opt_evolution_unshaped.png
[ Info: Saved evolution plot to results/raman/hnlf/L2m_P005W/opt_evolution_optimized.png
[ Info: Phase Diagnostic
[ Info: Saved phase diagnostic to results/raman/hnlf/L2m_P005W/opt_phase.png
┌ Info: 
└ ▶ Run 5: SMF-28 long fiber (L=5m, P=0.15W, cold start) → results/raman/smf28/L5m_P015W
User defined fiber params
[0.0; 0.0; -2.17e-26; 1.2e-40;;]
┌ Info: Optimization
│   λ_gdd = 0.0001
└   λ_boundary = 10.0

[4812] signal 15: Terminated: 15
in expression starting at /Users/ignaciojlizama/RiveraLab/smf-gain-noise/scripts/raman_optimization.jl:502
__psynch_cvwait at /usr/lib/system/libsystem_kernel.dylib (unknown line)
unknown function (ip: 0x0) at (unknown file)
n1bv_128 at /Users/ignaciojlizama/.julia/artifacts/3c8796930134b071e509bc43edb7ca86cbf5ac38/lib/libfftw3.3.dylib (unknown line)
apply at /Users/ignaciojlizama/.julia/artifacts/3c8796930134b071e509bc43edb7ca86cbf5ac38/lib/libfftw3.3.dylib (unknown line)
apply at /Users/ignaciojlizama/.julia/artifacts/3c8796930134b071e509bc43edb7ca86cbf5ac38/lib/libfftw3.3.dylib (unknown line)
apply_dit at /Users/ignaciojlizama/.julia/artifacts/3c8796930134b071e509bc43edb7ca86cbf5ac38/lib/libfftw3.3.dylib (unknown line)
unsafe_execute! at /Users/ignaciojlizama/.julia/packages/FFTW/uNgRy/src/fft.jl:520 [inlined]
* at /Users/ignaciojlizama/.julia/packages/FFTW/uNgRy/src/fft.jl:837
* at /Users/ignaciojlizama/.julia/packages/AbstractFFTs/4iQz5/src/definitions.jl:269
disp_mmf! at /Users/ignaciojlizama/RiveraLab/smf-gain-noise/src/simulation/simulate_disp_mmf.jl:34
Void at /Users/ignaciojlizama/.julia/packages/SciMLBase/hHrRi/src/utils.jl:486 [inlined]
CallWrapper at /Users/ignaciojlizama/.julia/packages/FunctionWrappers/Q5cBx/src/FunctionWrappers.jl:65
unknown function (ip: 0x16a8d8a07) at (unknown file)
macro expansion at /Users/ignaciojlizama/.julia/packages/FunctionWrappers/Q5cBx/src/FunctionWrappers.jl:137 [inlined]
do_ccall at /Users/ignaciojlizama/.julia/packages/FunctionWrappers/Q5cBx/src/FunctionWrappers.jl:125 [inlined]
FunctionWrapper at /Users/ignaciojlizama/.julia/packages/FunctionWrappers/Q5cBx/src/FunctionWrappers.jl:144 [inlined]
_call at /Users/ignaciojlizama/.julia/packages/FunctionWrappersWrappers/9XR0m/src/FunctionWrappersWrappers.jl:12 [inlined]
FunctionWrappersWrapper at /Users/ignaciojlizama/.julia/packages/FunctionWrappersWrappers/9XR0m/src/FunctionWrappersWrappers.jl:10 [inlined]
ODEFunction at /Users/ignaciojlizama/.julia/packages/SciMLBase/hHrRi/src/scimlfunctions.jl:2600 [inlined]
perform_step! at /Users/ignaciojlizama/.julia/packages/OrdinaryDiffEqTsit5/o07IY/src/tsit_perform_step.jl:199
perform_step! at /Users/ignaciojlizama/.julia/packages/OrdinaryDiffEqTsit5/o07IY/src/tsit_perform_step.jl:181 [inlined]
solve! at /Users/ignaciojlizama/.julia/packages/OrdinaryDiffEqCore/GMkz9/src/solve.jl:611
#__solve#49 at /Users/ignaciojlizama/.julia/packages/OrdinaryDiffEqCore/GMkz9/src/solve.jl:7 [inlined]
__solve at /Users/ignaciojlizama/.julia/packages/OrdinaryDiffEqCore/GMkz9/src/solve.jl:1 [inlined]
#solve_call#24 at /Users/ignaciojlizama/.julia/packages/DiffEqBase/6sydR/src/solve.jl:142 [inlined]
solve_call at /Users/ignaciojlizama/.julia/packages/DiffEqBase/6sydR/src/solve.jl:109 [inlined]
#solve_up#31 at /Users/ignaciojlizama/.julia/packages/DiffEqBase/6sydR/src/solve.jl:578 [inlined]
solve_up at /Users/ignaciojlizama/.julia/packages/DiffEqBase/6sydR/src/solve.jl:555 [inlined]
#solve#30 at /Users/ignaciojlizama/.julia/packages/DiffEqBase/6sydR/src/solve.jl:545 [inlined]
solve at /Users/ignaciojlizama/.julia/packages/DiffEqBase/6sydR/src/solve.jl:535
unknown function (ip: 0x16a9f046b) at (unknown file)
solve_disp_mmf at /Users/ignaciojlizama/RiveraLab/smf-gain-noise/src/simulation/simulate_disp_mmf.jl:128
#cost_and_gradient#64 at /Users/ignaciojlizama/RiveraLab/smf-gain-noise/scripts/raman_optimization.jl:66
cost_and_gradient at /Users/ignaciojlizama/RiveraLab/smf-gain-noise/scripts/raman_optimization.jl:48 [inlined]
#68 at /Users/ignaciojlizama/RiveraLab/smf-gain-noise/scripts/raman_optimization.jl:182
#make_fdf##2 at /Users/ignaciojlizama/.julia/packages/NLSolversBase/n7XXO/src/objective_types/incomplete.jl:54
unknown function (ip: 0x17eba018b) at (unknown file)
value_gradient!! at /Users/ignaciojlizama/.julia/packages/NLSolversBase/n7XXO/src/interface.jl:82
value_gradient! at /Users/ignaciojlizama/.julia/packages/NLSolversBase/n7XXO/src/interface.jl:69
unknown function (ip: 0x17eb6827b) at (unknown file)
value_gradient! at /Users/ignaciojlizama/.julia/packages/Optim/gmigl/src/Manifolds.jl:50
ϕdϕ at /Users/ignaciojlizama/.julia/packages/LineSearches/2BCHN/src/LineSearches.jl:32
HagerZhang at /Users/ignaciojlizama/.julia/packages/LineSearches/2BCHN/src/hagerzhang.jl:234
HagerZhang at /Users/ignaciojlizama/.julia/packages/LineSearches/2BCHN/src/hagerzhang.jl:103 [inlined]
perform_linesearch! at /Users/ignaciojlizama/.julia/packages/Optim/gmigl/src/utilities/perform_linesearch.jl:58
update_state! at /Users/ignaciojlizama/.julia/packages/Optim/gmigl/src/multivariate/solvers/first_order/l_bfgs.jl:220
optimize at /Users/ignaciojlizama/.julia/packages/Optim/gmigl/src/multivariate/optimize/optimize.jl:65
optimize at /Users/ignaciojlizama/.julia/packages/Optim/gmigl/src/multivariate/optimize/optimize.jl:43 [inlined]
#optimize#67 at /Users/ignaciojlizama/.julia/packages/Optim/gmigl/src/multivariate/optimize/interface.jl:274
optimize at /Users/ignaciojlizama/.julia/packages/Optim/gmigl/src/multivariate/optimize/interface.jl:264
unknown function (ip: 0x17eac023f) at (unknown file)
#optimize_spectral_phase#65 at /Users/ignaciojlizama/RiveraLab/smf-gain-noise/scripts/raman_optimization.jl:179
optimize_spectral_phase at /Users/ignaciojlizama/RiveraLab/smf-gain-noise/scripts/raman_optimization.jl:149
unknown function (ip: 0x17e9b806f) at (unknown file)
#run_optimization#73 at /Users/ignaciojlizama/RiveraLab/smf-gain-noise/scripts/raman_optimization.jl:388
run_optimization at /Users/ignaciojlizama/RiveraLab/smf-gain-noise/scripts/raman_optimization.jl:367
unknown function (ip: 0x30c1d8137) at (unknown file)
jl_apply at /Users/julia/.julia/scratchspaces/a66863c6-20e8-4ff4-8a62-49f30b1f605e/agent-cache/default-honeycrisp-XG3Q6T6R70.0/build/default-honeycrisp-XG3Q6T6R70-0/julialang/julia-release-1-dot-12/src/./julia.h:2391 [inlined]
do_call at /Users/julia/.julia/scratchspaces/a66863c6-20e8-4ff4-8a62-49f30b1f605e/agent-cache/default-honeycrisp-XG3Q6T6R70.0/build/default-honeycrisp-XG3Q6T6R70-0/julialang/julia-release-1-dot-12/src/interpreter.c:123
eval_stmt_value at /Users/julia/.julia/scratchspaces/a66863c6-20e8-4ff4-8a62-49f30b1f605e/agent-cache/default-honeycrisp-XG3Q6T6R70.0/build/default-honeycrisp-XG3Q6T6R70-0/julialang/julia-release-1-dot-12/src/interpreter.c:194
eval_body at /Users/julia/.julia/scratchspaces/a66863c6-20e8-4ff4-8a62-49f30b1f605e/agent-cache/default-honeycrisp-XG3Q6T6R70.0/build/default-honeycrisp-XG3Q6T6R70-0/julialang/julia-release-1-dot-12/src/interpreter.c:689
jl_interpret_toplevel_thunk at /Users/julia/.julia/scratchspaces/a66863c6-20e8-4ff4-8a62-49f30b1f605e/agent-cache/default-honeycrisp-XG3Q6T6R70.0/build/default-honeycrisp-XG3Q6T6R70-0/julialang/julia-release-1-dot-12/src/interpreter.c:898
jl_toplevel_eval_flex at /Users/julia/.julia/scratchspaces/a66863c6-20e8-4ff4-8a62-49f30b1f605e/agent-cache/default-honeycrisp-XG3Q6T6R70.0/build/default-honeycrisp-XG3Q6T6R70-0/julialang/julia-release-1-dot-12/src/toplevel.c:1035
jl_toplevel_eval_flex at /Users/julia/.julia/scratchspaces/a66863c6-20e8-4ff4-8a62-49f30b1f605e/agent-cache/default-honeycrisp-XG3Q6T6R70.0/build/default-honeycrisp-XG3Q6T6R70-0/julialang/julia-release-1-dot-12/src/toplevel.c:975
ijl_toplevel_eval at /Users/julia/.julia/scratchspaces/a66863c6-20e8-4ff4-8a62-49f30b1f605e/agent-cache/default-honeycrisp-XG3Q6T6R70.0/build/default-honeycrisp-XG3Q6T6R70-0/julialang/julia-release-1-dot-12/src/toplevel.c:1047 [inlined]
ijl_toplevel_eval_in at /Users/julia/.julia/scratchspaces/a66863c6-20e8-4ff4-8a62-49f30b1f605e/agent-cache/default-honeycrisp-XG3Q6T6R70.0/build/default-honeycrisp-XG3Q6T6R70-0/julialang/julia-release-1-dot-12/src/toplevel.c:1092
eval at ./boot.jl:489
include_string at ./loading.jl:2870
_include at ./loading.jl:2930
include at ./Base.jl:306
exec_options at ./client.jl:317
_start at ./client.jl:550
jfptr__start_70416.1 at /Users/ignaciojlizama/.julia/juliaup/julia-1.12.4+0.aarch64.apple.darwin14/lib/julia/sys.dylib (unknown line)
jl_apply at /Users/julia/.julia/scratchspaces/a66863c6-20e8-4ff4-8a62-49f30b1f605e/agent-cache/default-honeycrisp-XG3Q6T6R70.0/build/default-honeycrisp-XG3Q6T6R70-0/julialang/julia-release-1-dot-12/src/./julia.h:2391 [inlined]
true_main at /Users/julia/.julia/scratchspaces/a66863c6-20e8-4ff4-8a62-49f30b1f605e/agent-cache/default-honeycrisp-XG3Q6T6R70.0/build/default-honeycrisp-XG3Q6T6R70-0/julialang/julia-release-1-dot-12/src/jlapi.c:971
jl_repl_entrypoint at /Users/julia/.julia/scratchspaces/a66863c6-20e8-4ff4-8a62-49f30b1f605e/agent-cache/default-honeycrisp-XG3Q6T6R70.0/build/default-honeycrisp-XG3Q6T6R70-0/julialang/julia-release-1-dot-12/src/jlapi.c:1139
unknown function (ip: 0x0) at (unknown file)
Allocations: 578356629 (Pool: 578353967; Big: 2662); GC: 2539
