[ Info: ═══════════════════════════════════════════
[ Info:   Raman Phase Optimization — Heavy-Duty Runs
[ Info: ═══════════════════════════════════════════
┌ Info: 
└ ▶ Run 1: SMF-28 baseline (L=1m, P=0.05W) → results/raman/smf28/L1m_P005W
User defined fiber params
[0.0; 0.0; -2.17e-26; 1.2e-40;;]
[ Info: Gradient Validation
[ Info: Gradient validation (ε = 1.0e-5)
┌ Info: Optimization
│   λ_gdd = 0.0001
└   λ_boundary = 10.0
┌ Info: ┌─────────────────────────────────────────────────┐
│ │  RUN SUMMARY: results/raman/smf28/L1m_P005W/opt
│ ├─────────────────────────────────────────────────┤
│ │  Fiber        L = 1.0 m, γ = 1.10e-03 W⁻¹m⁻¹
│ │  Grid         Nt = 8192, time_window = 10.0 ps
│ │  Regulariz.   λ_gdd = 1.00e-04, λ_boundary = 10.0
│ │  Iterations   50 (103.3 s)
│ ├─────────────────────────────────────────────────┤
│ │  J (before)   3.2035e-03  (-24.9 dB)
│ │  J (after)    6.6059e-07  (-61.8 dB)
│ │  ΔJ           -36.9 dB
│ │  ‖∇J‖         2.20e-06
│ ├─────────────────────────────────────────────────┤
│ │  Peak power   in: 0 W → out: 1730 W
│ │  Energy cons. 7.90e-05 (0.0%)
│ ├─────────────────────────────────────────────────┤
│ │  Boundary (input)   1.00e-08  OK
│ │  Boundary (output)  1.24e-08  OK
└ └─────────────────────────────────────────────────┘
[ Info: Plotting
[ Info: Saved optimization result to results/raman/smf28/L1m_P005W/opt.png
[ Info: Evolution Plots
<sys>:0: UserWarning: The input coordinates to pcolormesh are interpreted as cell centers, but are not monotonically increasing or decreasing. This may lead to incorrectly calculated cell edges, in which case, please supply explicit cell edges to pcolormesh.
[ Info: Saved merged evolution plot to results/raman/smf28/L1m_P005W/opt_evolution.png
[ Info: Phase Diagnostic
[ Info: Saved phase diagnostic to results/raman/smf28/L1m_P005W/opt_phase.png
┌ Info: 
└ ▶ Run 2: SMF-28 high power (L=2m, P=0.30W) → results/raman/smf28/L2m_P030W
User defined fiber params
[0.0; 0.0; -2.17e-26; 1.2e-40;;]
┌ Info: Optimization
│   λ_gdd = 0.0001
└   λ_boundary = 10.0
┌ Info: ┌─────────────────────────────────────────────────┐
│ │  RUN SUMMARY: results/raman/smf28/L2m_P030W/opt
│ ├─────────────────────────────────────────────────┤
│ │  Fiber        L = 2.0 m, γ = 1.10e-03 W⁻¹m⁻¹
│ │  Grid         Nt = 8192, time_window = 20.0 ps
│ │  Regulariz.   λ_gdd = 1.00e-04, λ_boundary = 10.0
│ │  Iterations   50 (70.5 s)
│ ├─────────────────────────────────────────────────┤
│ │  J (before)   7.0842e-01  (-1.5 dB)
│ │  J (after)    6.0310e-05  (-42.2 dB)
│ │  ΔJ           -40.7 dB
│ │  ‖∇J‖         1.21e-04
│ ├─────────────────────────────────────────────────┤
│ │  Peak power   in: 0 W → out: 2369 W
│ │  Energy cons. 1.24e-04 (0.0%)
│ ├─────────────────────────────────────────────────┤
│ │  Boundary (input)   2.31e-07  OK
│ │  Boundary (output)  2.74e-07  OK
└ └─────────────────────────────────────────────────┘
[ Info: Plotting
[ Info: Saved optimization result to results/raman/smf28/L2m_P030W/opt.png
[ Info: Evolution Plots
<sys>:0: UserWarning: The input coordinates to pcolormesh are interpreted as cell centers, but are not monotonically increasing or decreasing. This may lead to incorrectly calculated cell edges, in which case, please supply explicit cell edges to pcolormesh.
[ Info: Saved merged evolution plot to results/raman/smf28/L2m_P030W/opt_evolution.png
[ Info: Phase Diagnostic
[ Info: Saved phase diagnostic to results/raman/smf28/L2m_P030W/opt_phase.png
┌ Info: 
└ ▶ Run 3: HNLF (L=1m, P=0.05W) — strong Raman from high γ → results/raman/hnlf/L1m_P005W
User defined fiber params
[0.0; 0.0; -5.0e-27; 1.0e-40;;]
┌ Info: Optimization
│   λ_gdd = 0.0001
└   λ_boundary = 10.0
┌ Info: ┌─────────────────────────────────────────────────┐
│ │  RUN SUMMARY: results/raman/hnlf/L1m_P005W/opt
│ ├─────────────────────────────────────────────────┤
│ │  Fiber        L = 1.0 m, γ = 1.00e-02 W⁻¹m⁻¹
│ │  Grid         Nt = 16384, time_window = 15.0 ps
│ │  Regulariz.   λ_gdd = 1.00e-04, λ_boundary = 10.0
│ │  Iterations   80 (197.1 s)
│ ├─────────────────────────────────────────────────┤
│ │  J (before)   6.8324e-01  (-1.7 dB)
│ │  J (after)    1.3697e-04  (-38.6 dB)
│ │  ΔJ           -37.0 dB
│ │  ‖∇J‖         4.76e-04
│ ├─────────────────────────────────────────────────┤
│ │  Peak power   in: 0 W → out: 422 W
│ │  Energy cons. 5.11e-05 (0.0%)
│ ├─────────────────────────────────────────────────┤
│ │  Boundary (input)   3.86e-07  OK
│ │  Boundary (output)  3.94e-07  OK
└ └─────────────────────────────────────────────────┘
[ Info: Plotting
[ Info: Saved optimization result to results/raman/hnlf/L1m_P005W/opt.png
[ Info: Evolution Plots
<sys>:0: UserWarning: The input coordinates to pcolormesh are interpreted as cell centers, but are not monotonically increasing or decreasing. This may lead to incorrectly calculated cell edges, in which case, please supply explicit cell edges to pcolormesh.
[ Info: Saved merged evolution plot to results/raman/hnlf/L1m_P005W/opt_evolution.png
[ Info: Phase Diagnostic
[ Info: Saved phase diagnostic to results/raman/hnlf/L1m_P005W/opt_phase.png
┌ Info: 
└ ▶ Run 4: HNLF (L=2m, P=0.05W) — heavy Raman → results/raman/hnlf/L2m_P005W
User defined fiber params
[0.0; 0.0; -5.0e-27; 1.0e-40;;]
┌ Info: Optimization
│   λ_gdd = 0.0001
└   λ_boundary = 10.0
┌ Info: ┌─────────────────────────────────────────────────┐
│ │  RUN SUMMARY: results/raman/hnlf/L2m_P005W/opt
│ ├─────────────────────────────────────────────────┤
│ │  Fiber        L = 2.0 m, γ = 1.00e-02 W⁻¹m⁻¹
│ │  Grid         Nt = 16384, time_window = 30.0 ps
│ │  Regulariz.   λ_gdd = 1.00e-04, λ_boundary = 10.0
│ │  Iterations   100 (512.8 s)
│ ├─────────────────────────────────────────────────┤
│ │  J (before)   7.4496e-01  (-1.3 dB)
│ │  J (after)    3.9443e-04  (-34.0 dB)
│ │  ΔJ           -32.8 dB
│ │  ‖∇J‖         6.14e-04
│ ├─────────────────────────────────────────────────┤
│ │  Peak power   in: 0 W → out: 464 W
│ │  Energy cons. 2.01e-04 (0.0%)
│ ├─────────────────────────────────────────────────┤
│ │  Boundary (input)   1.87e-06  ⚠ DANGER
│ │  Boundary (output)  1.86e-06  ⚠ DANGER
└ └─────────────────────────────────────────────────┘
┌ Warning: Boundary energy is too high — increase time_window or Nt
└ @ Main ~/RiveraLab/smf-gain-noise/scripts/raman_optimization.jl:475
[ Info: Plotting
[ Info: Saved optimization result to results/raman/hnlf/L2m_P005W/opt.png
[ Info: Evolution Plots
<sys>:0: UserWarning: The input coordinates to pcolormesh are interpreted as cell centers, but are not monotonically increasing or decreasing. This may lead to incorrectly calculated cell edges, in which case, please supply explicit cell edges to pcolormesh.
[ Info: Saved merged evolution plot to results/raman/hnlf/L2m_P005W/opt_evolution.png
[ Info: Phase Diagnostic
[ Info: Saved phase diagnostic to results/raman/hnlf/L2m_P005W/opt_phase.png
┌ Info: 
└ ▶ Run 5: SMF-28 long fiber (L=5m, P=0.15W, cold start) → results/raman/smf28/L5m_P015W
User defined fiber params
[0.0; 0.0; -2.17e-26; 1.2e-40;;]
┌ Info: Optimization
│   λ_gdd = 0.0001
└   λ_boundary = 10.0
┌ Info: ┌─────────────────────────────────────────────────┐
│ │  RUN SUMMARY: results/raman/smf28/L5m_P015W/opt
│ ├─────────────────────────────────────────────────┤
│ │  Fiber        L = 5.0 m, γ = 1.10e-03 W⁻¹m⁻¹
│ │  Grid         Nt = 8192, time_window = 30.0 ps
│ │  Regulariz.   λ_gdd = 1.00e-04, λ_boundary = 10.0
│ │  Iterations   100 (277.1 s)
│ ├─────────────────────────────────────────────────┤
│ │  J (before)   8.0506e-01  (-0.9 dB)
│ │  J (after)    7.5995e-05  (-41.2 dB)
│ │  ΔJ           -40.3 dB
│ │  ‖∇J‖         1.32e-04
│ ├─────────────────────────────────────────────────┤
│ │  Peak power   in: 0 W → out: 2453 W
│ │  Energy cons. 1.18e-03 (0.1%)
│ ├─────────────────────────────────────────────────┤
│ │  Boundary (input)   7.86e-08  OK
│ │  Boundary (output)  7.85e-08  OK
└ └─────────────────────────────────────────────────┘
[ Info: Plotting
[ Info: Saved optimization result to results/raman/smf28/L5m_P015W/opt.png
[ Info: Evolution Plots
[ Info: Saved merged evolution plot to results/raman/smf28/L5m_P015W/opt_evolution.png
[ Info: Phase Diagnostic
[ Info: Saved phase diagnostic to results/raman/smf28/L5m_P015W/opt_phase.png
┌ Info: 
└ ▶ Chirp Sensitivity (Run 4: HNLF L=5m)
[ Info: Saved chirp sensitivity plot to results/images/chirp_sens_HNLF_L5m.png
[ Info: ═══ All runs complete ═══
[ Info: Output directory structure:
[ Info:   results/raman/smf28/L1m_P005W/   — Run 1 (baseline)
[ Info:   results/raman/smf28/L2m_P030W/   — Run 2 (high power)
[ Info:   results/raman/hnlf/L1m_P005W/    — Run 3 (HNLF short)
[ Info:   results/raman/hnlf/L2m_P005W/    — Run 4 (HNLF heavy Raman)
[ Info:   results/raman/smf28/L5m_P015W/   — Run 5 (SMF long, cold start)
