Iter     Function value   Gradient norm 
     0    -5.150470e+01     6.538593e+00
 * time: 0.02381110191345215
     1    -5.150497e+01     5.481569e-01
 * time: 130.30216908454895
     2    -5.154555e+01     1.588012e-01
 * time: 162.74555706977844
     3    -5.419182e+01     4.565979e+00
 * time: 224.30039596557617
     4    -5.419177e+01     6.352175e+00
 * time: 1219.7574150562286
     5    -5.419172e+01     5.315673e+00
 * time: 2325.7948479652405
     6    -5.428603e+01     2.843022e+00
 * time: 2648.5460970401764
     7    -5.428628e+01     1.521991e+00
 * time: 2691.0717480182648
     8    -5.428626e+01     1.233285e+00
 * time: 2748.407063961029
     9    -5.428633e+01     2.479863e+00
 * time: 2790.506516933441
    10    -5.429138e+01     2.799294e+00
 * time: 2860.9856190681458
    11    -5.429133e+01     3.368729e-01
 * time: 2985.9242689609528
    12    -5.429135e+01     1.488717e+00
 * time: 3013.978229045868
    13    -5.440250e+01     1.462189e+00
 * time: 3098.1798779964447
    14    -5.475443e+01     6.707779e+00
 * time: 3181.1904520988464
    15    -5.475624e+01     2.085126e+00
 * time: 3222.880905866623
    16    -5.475775e+01     1.161960e+00
 * time: 3250.297975063324
    17    -5.476548e+01     1.650035e+00
 * time: 3278.3695368766785
    18    -5.476548e+01     9.548807e-01
 * time: 3390.49129986763
    19    -5.476546e+01     3.255439e+00
 * time: 3460.609694004059
    20    -5.476551e+01     2.613317e+00
 * time: 3502.313325881958
    21    -5.476590e+01     1.294040e+00
 * time: 3720.540400981903
    22    -5.476588e+01     1.520195e+00
 * time: 3803.785129070282
    23    -5.476583e+01     1.331656e+00
 * time: 3914.703080892563
    24    -5.476578e+01     7.433159e-01
 * time: 3985.4888360500336
    25    -5.476582e+01     4.791149e-01
 * time: 4027.1461129188538
┌ Warning: Assignment to `got_err` in soft scope is ambiguous because a global variable by the same name exists: `got_err` will be treated as a new local. Disambiguate by using `local got_err` to suppress this warning or `global got_err` to assign to the existing global variable.
└ @ ~/raman-wt-F/scripts/longfiber_checkpoint.jl:330
[ Info: ═══════════════════════════════════════════════════════════════
[ Info: Long-fiber 100 m optimization — Session F / Phase 16 — start 2026-04-17T17:42:36.423
[ Info: ═══════════════════════════════════════════════════════════════
[ Info: Julia threads: 22  BLAS threads: 11
[ Info: mode = fresh
[ Info: Long-fiber setup: SMF-28 (β₂ only), L=100.0 m, P=0.050 W, Nt=32768, tw=160.0 ps, β_order=2
┌ Warning: longfiber_interpolate_phi: new Nyquist 102.40 THz < 0.5 * old Nyquist 315.08 THz — 68% of stored spectral range will be dropped
└ @ Main ~/raman-wt-F/scripts/longfiber_setup.jl:131
[ Info: Fresh run: starting from phi@2m warm-start, ‖x0‖=2.399e+01, N=32768
[ Info: checkpoint iter=1 f=-5.150470e+01 elapsed=65.1s -> results/raman/phase16/100m_optim/ckpt_iter_0001.jld2
[ Info: checkpoint iter=90 f=-5.419177e+01 elapsed=1284.7s -> results/raman/phase16/100m_optim/ckpt_iter_0090.jld2
[ Info: checkpoint iter=168 f=-5.419172e+01 elapsed=2390.7s -> results/raman/phase16/100m_optim/ckpt_iter_0168.jld2
[ Info: checkpoint iter=215 f=-5.429133e+01 elapsed=3050.8s -> results/raman/phase16/100m_optim/ckpt_iter_0215.jld2
[ Info: checkpoint iter=270 f=-5.476590e+01 elapsed=3785.5s -> results/raman/phase16/100m_optim/ckpt_iter_0270.jld2
[ Info: L-BFGS stopped: wall=4092.1s iter=25 conv=false grad_norm=4.79e-01 J=-54.77 dB
[ Info: final checkpoint → results/raman/phase16/100m_optim/ckpt_iter_0292_final.jld2
[ Info: saved results/raman/phase16/100m_opt_full_result.jld2
[ Info: saved figure results/images/physics_16_03_optimization_trace_100m.png
[ Info: 100 m optimization run: done at 2026-04-17T18:50:54.641
EXIT 0
